[19-Aug-2018 19:48:01] NOTICE: fpm is running, pid 14
[19-Aug-2018 19:48:01] NOTICE: ready to handle connections
[20-Aug-2018 01:46:16] NOTICE: Terminating ...
[20-Aug-2018 01:46:16] NOTICE: exiting, bye-bye!
[12-Sep-2018 01:20:42] NOTICE: fpm is running, pid 25
[12-Sep-2018 01:20:42] NOTICE: ready to handle connections
[12-Sep-2018 16:42:19] NOTICE: Terminating ...
[12-Sep-2018 16:42:19] NOTICE: exiting, bye-bye!
[14-Sep-2018 21:01:30] NOTICE: fpm is running, pid 25
[14-Sep-2018 21:01:30] NOTICE: ready to handle connections
[14-Sep-2018 22:16:43] NOTICE: Terminating ...
[14-Sep-2018 22:16:43] NOTICE: exiting, bye-bye!
[15-Sep-2018 21:45:05] NOTICE: fpm is running, pid 25
[15-Sep-2018 21:45:05] NOTICE: ready to handle connections
[16-Sep-2018 19:23:53] NOTICE: Terminating ...
[16-Sep-2018 19:23:53] NOTICE: exiting, bye-bye!
[16-Sep-2018 21:28:43] NOTICE: fpm is running, pid 25
[16-Sep-2018 21:28:43] NOTICE: ready to handle connections
[17-Sep-2018 04:00:50] NOTICE: Terminating ...
[17-Sep-2018 04:00:50] NOTICE: exiting, bye-bye!
[18-Sep-2018 05:41:22] NOTICE: fpm is running, pid 25
[18-Sep-2018 05:41:22] NOTICE: ready to handle connections
[18-Sep-2018 23:34:19] NOTICE: Terminating ...
[18-Sep-2018 23:34:19] NOTICE: exiting, bye-bye!
[21-Sep-2018 06:34:20] NOTICE: fpm is running, pid 25
[21-Sep-2018 06:34:20] NOTICE: ready to handle connections
[21-Sep-2018 08:55:19] NOTICE: Terminating ...
[21-Sep-2018 08:55:19] NOTICE: exiting, bye-bye!
[21-Sep-2018 16:29:29] NOTICE: fpm is running, pid 25
[21-Sep-2018 16:29:29] NOTICE: ready to handle connections
[21-Sep-2018 16:55:07] NOTICE: Terminating ...
[21-Sep-2018 16:55:07] NOTICE: exiting, bye-bye!
[21-Sep-2018 16:56:19] NOTICE: fpm is running, pid 25
[21-Sep-2018 16:56:19] NOTICE: ready to handle connections
[21-Sep-2018 17:15:12] NOTICE: Terminating ...
[21-Sep-2018 17:15:12] NOTICE: exiting, bye-bye!
[21-Sep-2018 17:25:29] NOTICE: fpm is running, pid 42
[21-Sep-2018 17:25:29] NOTICE: ready to handle connections
[21-Sep-2018 17:25:47] NOTICE: Terminating ...
[21-Sep-2018 17:25:47] NOTICE: exiting, bye-bye!
[21-Sep-2018 17:27:56] NOTICE: fpm is running, pid 25
[21-Sep-2018 17:27:56] NOTICE: ready to handle connections
[22-Sep-2018 15:13:01] NOTICE: fpm is running, pid 37
[22-Sep-2018 15:13:01] NOTICE: ready to handle connections
[24-Sep-2018 05:06:46] NOTICE: Terminating ...
[24-Sep-2018 05:06:46] NOTICE: exiting, bye-bye!
[24-Sep-2018 14:02:28] NOTICE: fpm is running, pid 34
[24-Sep-2018 14:02:28] NOTICE: ready to handle connections
[26-Sep-2018 00:50:54] NOTICE: Terminating ...
[26-Sep-2018 00:50:54] NOTICE: exiting, bye-bye!
[27-Sep-2018 12:57:47] NOTICE: fpm is running, pid 34
[27-Sep-2018 12:57:47] NOTICE: ready to handle connections
[27-Sep-2018 16:04:12] NOTICE: Terminating ...
[27-Sep-2018 16:04:12] NOTICE: exiting, bye-bye!
[29-Sep-2018 01:50:45] NOTICE: fpm is running, pid 35
[29-Sep-2018 01:50:45] NOTICE: ready to handle connections
[29-Sep-2018 23:48:20] NOTICE: Terminating ...
[29-Sep-2018 23:48:20] NOTICE: exiting, bye-bye!
[02-Oct-2018 05:03:57] NOTICE: fpm is running, pid 35
[02-Oct-2018 05:03:57] NOTICE: ready to handle connections
[02-Oct-2018 05:08:34] NOTICE: Terminating ...
[02-Oct-2018 05:08:34] NOTICE: exiting, bye-bye!
[12-Oct-2018 21:30:14] NOTICE: fpm is running, pid 34
[12-Oct-2018 21:30:14] NOTICE: ready to handle connections
[15-Oct-2018 01:24:39] NOTICE: Terminating ...
[15-Oct-2018 01:24:39] NOTICE: exiting, bye-bye!
[22-Oct-2018 19:33:10] NOTICE: fpm is running, pid 34
[22-Oct-2018 19:33:10] NOTICE: ready to handle connections
[24-Oct-2018 02:51:22] NOTICE: Terminating ...
[24-Oct-2018 02:51:22] NOTICE: exiting, bye-bye!
[06-Nov-2018 05:57:00] NOTICE: fpm is running, pid 36
[06-Nov-2018 05:57:00] NOTICE: ready to handle connections
[06-Nov-2018 06:33:34] NOTICE: Terminating ...
[06-Nov-2018 06:33:34] NOTICE: exiting, bye-bye!
